0 info it worked if it ends with ok
1 verbose cli [ '/usr/bin/node', '/usr/bin/npm', 'start' ]
2 info using npm@3.10.10
3 info using node@v7.2.1
4 verbose run-script [ 'prestart', 'start', 'poststart' ]
5 info lifecycle 01-chat@1.0.0~prestart: 01-chat@1.0.0
6 silly lifecycle 01-chat@1.0.0~prestart: no script for prestart, continuing
7 info lifecycle 01-chat@1.0.0~start: 01-chat@1.0.0
8 verbose lifecycle 01-chat@1.0.0~start: unsafe-perm in lifecycle true
9 verbose lifecycle 01-chat@1.0.0~start: PATH: /usr/lib64/node_modules/npm/bin/node-gyp-bin:/home/hackemate/Escritorio/workshop/cursodenodeED/05-socketIO/01-chat/node_modules/.bin:/home/hackemate/bin:/usr/local/bin:/usr/bin:/bin:/usr/bin/X11:/usr/games
10 verbose lifecycle 01-chat@1.0.0~start: CWD: /home/hackemate/Escritorio/workshop/cursodenodeED/05-socketIO/01-chat
11 silly lifecycle 01-chat@1.0.0~start: Args: [ '-c', 'supervisor app.js' ]
12 silly lifecycle 01-chat@1.0.0~start: Returned: code: 1  signal: null
13 info lifecycle 01-chat@1.0.0~start: Failed to exec start script
14 verbose stack Error: 01-chat@1.0.0 start: `supervisor app.js`
14 verbose stack Exit status 1
14 verbose stack     at EventEmitter.<anonymous> (/usr/lib64/node_modules/npm/lib/utils/lifecycle.js:255:16)
14 verbose stack     at emitTwo (events.js:106:13)
14 verbose stack     at EventEmitter.emit (events.js:191:7)
14 verbose stack     at ChildProcess.<anonymous> (/usr/lib64/node_modules/npm/lib/utils/spawn.js:40:14)
14 verbose stack     at emitTwo (events.js:106:13)
14 verbose stack     at ChildProcess.emit (events.js:191:7)
14 verbose stack     at maybeClose (internal/child_process.js:885:16)
14 verbose stack     at Process.ChildProcess._handle.onexit (internal/child_process.js:226:5)
15 verbose pkgid 01-chat@1.0.0
16 verbose cwd /home/hackemate/Escritorio/workshop/cursodenodeED/05-socketIO/01-chat
17 error Linux 4.4.36-8-default
18 error argv "/usr/bin/node" "/usr/bin/npm" "start"
19 error node v7.2.1
20 error npm  v3.10.10
21 error code ELIFECYCLE
22 error 01-chat@1.0.0 start: `supervisor app.js`
22 error Exit status 1
23 error Failed at the 01-chat@1.0.0 start script 'supervisor app.js'.
23 error Make sure you have the latest version of node.js and npm installed.
23 error If you do, this is most likely a problem with the 01-chat package,
23 error not with npm itself.
23 error Tell the author that this fails on your system:
23 error     supervisor app.js
23 error You can get information on how to open an issue for this project with:
23 error     npm bugs 01-chat
23 error Or if that isn't available, you can get their info via:
23 error     npm owner ls 01-chat
23 error There is likely additional logging output above.
24 verbose exit [ 1, true ]
